<?xml version="1.0" encoding="UTF-8"?>
<!-- Generated by org.testng.reporters.JUnitReportReporter -->
<testsuite hostname="DESKTOP-ROMM88M" failures="0" tests="1" name="StepDef.TestRunner" time="46.937" errors="0" timestamp="27 Feb 2020 01:23:58 GMT" skipped="0">
  <testcase classname="StepDef.TestRunner" name="feature" time="46.937"/>
</testsuite> <!-- StepDef.TestRunner -->
