<?xml version="1.0" encoding="UTF-8"?>
<!-- Generated by org.testng.reporters.JUnitReportReporter -->
<testsuite hostname="DESKTOP-ROMM88M" failures="0" tests="1" name="com.Tmobile.project.Demo_Tmobile1.TestRunner" time="0.000" errors="0" timestamp="16 Feb 2020 19:53:28 GMT" skipped="1">
  <testcase classname="com.Tmobile.project.Demo_Tmobile1.TestRunner" name="feature" time="0.000">
    <skipped/>
  </testcase> <!-- feature -->
</testsuite> <!-- com.Tmobile.project.Demo_Tmobile1.TestRunner -->
